<?xml version="1.0" encoding="UTF-8"?>
<testsuite xmlns:xsi="http://www.w3.org/2001/XMLSchema-instance" xsi:noNamespaceSchemaLocation="https://maven.apache.org/surefire/maven-surefire-plugin/xsd/surefire-test-report-3.0.xsd" version="3.0" name="org.apk.v1.student_service.StudentServiceApplicationTests" time="2.203" tests="1" errors="0" skipped="0" failures="0">
  <properties>
[...]
</properties>
  <testcase name="contextLoads" classname="org.apk.v1.student_service.StudentServiceApplicationTests" time="0.715">
    <system-out><![CDATA[12:05:43.825 [main] INFO org.springframework.test.context.support.AnnotationConfigContextLoaderUtils -- Could not detect default configuration classes for test class [org.apk.v1.student_service.StudentServiceApplicationTests]: StudentServiceApplicationTests does not declare any static, non-private, non-final, nested classes annotated with @Configuration.
12:05:43.931 [main] INFO org.springframework.boot.test.context.SpringBootTestContextBootstrapper -- Found @SpringBootConfiguration org.apk.v1.student_service.StudentServiceApplication for test class org.apk.v1.student_service.StudentServiceApplicationTests

  .   ____          _            __ _ _
 /\\ / ___'_ __ _ _(_)_ __  __ _ \ \ \ \
( ( )\___ | '_ | '_| | '_ \/ _` | \ \ \ \
 \\/  ___)| |_)| | | | | || (_| |  ) ) ) )
  '  |____| .__|_| |_|_| |_\__, | / / / /
 =========|_|==============|___/=/_/_/_/

 :: Spring Boot ::                (v3.3.4)

2024-09-25T12:05:44.254+05:30  INFO 15215 --- [student-service] [           main] o.a.v.s.StudentServiceApplicationTests   : Starting StudentServiceApplicationTests using Java 17.0.12 with PID 15215 (started by gayangiseneviratne in /Users/gayangiseneviratne/Documents/APIM_APK/GRPC/student-service-parent/student-service-server)
2024-09-25T12:05:44.255+05:30  INFO 15215 --- [student-service] [           main] o.a.v.s.StudentServiceApplicationTests   : No active profile set, falling back to 1 default profile: "default"
2024-09-25T12:05:44.667+05:30  INFO 15215 --- [student-service] [           main] g.s.a.GrpcServerFactoryAutoConfiguration : Detected grpc-netty-shaded: Creating ShadedNettyGrpcServerFactory
2024-09-25T12:05:44.955+05:30  INFO 15215 --- [student-service] [           main] n.d.b.g.s.s.AbstractGrpcServerFactory    : Registered gRPC service: org.apk.student_service.StudentService, bean: studentServiceDefaultImpl, class: org.apk.v1.student_service.StudentServiceDefaultImpl
2024-09-25T12:05:44.955+05:30  INFO 15215 --- [student-service] [           main] n.d.b.g.s.s.AbstractGrpcServerFactory    : Registered gRPC service: org.apk.v1.student_service.StudentService, bean: studentServiceImpl, class: org.apk.v1.student_service.StudentServiceImpl
2024-09-25T12:05:44.955+05:30  INFO 15215 --- [student-service] [           main] n.d.b.g.s.s.AbstractGrpcServerFactory    : Registered gRPC service: grpc.health.v1.Health, bean: grpcHealthService, class: io.grpc.protobuf.services.HealthServiceImpl
2024-09-25T12:05:44.956+05:30  INFO 15215 --- [student-service] [           main] n.d.b.g.s.s.AbstractGrpcServerFactory    : Registered gRPC service: grpc.reflection.v1alpha.ServerReflection, bean: protoReflectionService, class: io.grpc.protobuf.services.ProtoReflectionService
2024-09-25T12:05:45.123+05:30  INFO 15215 --- [student-service] [           main] n.d.b.g.s.s.GrpcServerLifecycle          : gRPC Server started, listening on address: *, port: 9090
2024-09-25T12:05:45.132+05:30  INFO 15215 --- [student-service] [           main] o.a.v.s.StudentServiceApplicationTests   : Started StudentServiceApplicationTests in 1.082 seconds (process running for 2.081)
]]></system-out>
  </testcase>
</testsuite>